<?xml version="1.0" encoding="UTF-8"?>
<!-- Generated by org.testng.reporters.JUnitReportReporter -->
<testsuite hostname="INBOOK_X1_SLIM" failures="0" tests="1" name="PAGES.ConfigTravelTimeChart" time="8.307" errors="0" timestamp="2025-07-29T14:20:25 IST" skipped="0">
  <testcase classname="PAGES.ConfigTravelTimeChart" name="add_companies" time="8.307"/>
</testsuite> <!-- PAGES.ConfigTravelTimeChart -->
