<?xml version="1.0" encoding="UTF-8"?>
<!-- Generated by org.testng.reporters.JUnitReportReporter -->
<testsuite hostname="webanix_USER" failures="0" tests="1" name="PAGES.Configurationcompanies" time="5.720" errors="0" timestamp="2025-08-22T18:25:48 IST" skipped="0">
  <testcase classname="PAGES.Configurationcompanies" name="add_companies" time="5.720"/>
</testsuite> <!-- PAGES.Configurationcompanies -->
