<?xml version="1.0" encoding="UTF-8"?>
<!-- Generated by org.testng.reporters.JUnitReportReporter -->
<testsuite hostname="INBOOK_X1_SLIM" failures="0" tests="1" name="PAGES.ConfigurationBranches" time="11.403" errors="0" timestamp="2025-07-29T12:38:51 IST" skipped="0">
  <testcase classname="PAGES.ConfigurationBranches" name="add_branches" time="11.403"/>
</testsuite> <!-- PAGES.ConfigurationBranches -->
