<?xml version="1.0" encoding="UTF-8"?>
<!-- Generated by org.testng.reporters.JUnitReportReporter -->
<testsuite hostname="webanix_USER" failures="0" tests="1" name="PAGES.Config_Departments" time="7.326" errors="0" timestamp="2025-09-26T16:47:50 IST" skipped="0">
  <testcase classname="PAGES.Config_Departments" name="add_Departments" time="7.326"/>
</testsuite> <!-- PAGES.Config_Departments -->
