<?xml version="1.0" encoding="UTF-8"?>
<!-- Generated by org.testng.reporters.JUnitReportReporter -->
<testsuite hostname="webanix_USER" failures="0" tests="1" name="PAGES.Add_Program" time="5.799" errors="0" timestamp="2025-07-25T11:49:52 IST" skipped="0">
  <testcase classname="PAGES.Add_Program" name="add_program" time="5.799"/>
</testsuite> <!-- PAGES.Add_Program -->
