<?xml version="1.0" encoding="UTF-8"?>
<!-- Generated by org.testng.reporters.JUnitReportReporter -->
<testsuite hostname="webanix_USER" failures="0" tests="1" name="PAGES.ConfigEmployeeType" time="5.938" errors="0" timestamp="2025-08-22T15:51:10 IST" skipped="0">
  <testcase classname="PAGES.ConfigEmployeeType" name="add_companies" time="5.938"/>
</testsuite> <!-- PAGES.ConfigEmployeeType -->
