<?xml version="1.0" encoding="UTF-8"?>
<!-- Generated by org.testng.reporters.JUnitReportReporter -->
<testsuite hostname="webanix_USER" failures="0" tests="1" name="PAGES.Config_Contractors" time="6.493" errors="0" timestamp="2025-08-26T13:15:40 IST" skipped="0">
  <testcase classname="PAGES.Config_Contractors" name="add_companies" time="6.493"/>
</testsuite> <!-- PAGES.Config_Contractors -->
