<?xml version="1.0" encoding="UTF-8"?>
<!-- Generated by org.testng.reporters.JUnitReportReporter -->
<testsuite hostname="webanix_USER" failures="0" tests="1" name="PAGES.Config_Holidays" time="8.717" errors="0" timestamp="2025-09-26T16:26:39 IST" skipped="0">
  <testcase classname="PAGES.Config_Holidays" name="add_Holidays" time="8.717"/>
</testsuite> <!-- PAGES.Config_Holidays -->
