<?xml version="1.0" encoding="UTF-8"?>
<!-- Generated by org.testng.reporters.JUnitReportReporter -->
<testsuite hostname="webanix_USER" failures="0" tests="1" name="PAGES.Trainings_Add_Trainer" time="5.058" errors="0" timestamp="2025-09-29T15:30:37 IST" skipped="0">
  <testcase classname="PAGES.Trainings_Add_Trainer" name="add_trainer" time="5.058"/>
</testsuite> <!-- PAGES.Trainings_Add_Trainer -->
