<?xml version="1.0" encoding="UTF-8"?>
<!-- Generated by org.testng.reporters.JUnitReportReporter -->
<testsuite hostname="webanix_USER" failures="0" tests="1" name="PAGES.Config_Salary_Structure" time="7.548" errors="0" timestamp="2025-09-26T16:31:11 IST" skipped="0">
  <testcase classname="PAGES.Config_Salary_Structure" name="add_Salarystructure" time="7.548"/>
</testsuite> <!-- PAGES.Config_Salary_Structure -->
