<?xml version="1.0" encoding="UTF-8"?>
<!-- Generated by org.testng.reporters.JUnitReportReporter -->
<testsuite hostname="webanix_USER" failures="0" tests="1" name="PAGES.Config_Holidays" time="7.426" errors="0" timestamp="2025-08-22T22:40:07 IST" skipped="0">
  <testcase classname="PAGES.Config_Holidays" name="add_Holidays" time="7.426"/>
</testsuite> <!-- PAGES.Config_Holidays -->
