<?xml version="1.0" encoding="UTF-8"?>
<!-- Generated by org.testng.reporters.JUnitReportReporter -->
<testsuite hostname="webanix_USER" failures="0" tests="1" name="PAGES.ConfigurationShifts" time="5.079" errors="0" timestamp="2025-08-22T18:53:16 IST" skipped="0">
  <testcase classname="PAGES.ConfigurationShifts" name="add_Shifts" time="5.079"/>
</testsuite> <!-- PAGES.ConfigurationShifts -->
