<?xml version="1.0" encoding="UTF-8"?>
<!-- Generated by org.testng.reporters.JUnitReportReporter -->
<testsuite hostname="webanix_USER" failures="0" tests="1" name="PAGES.Config_Designations" time="4.293" errors="0" timestamp="2025-08-22T22:36:14 IST" skipped="0">
  <testcase classname="PAGES.Config_Designations" name="add_Designations" time="4.293"/>
</testsuite> <!-- PAGES.Config_Designations -->
