<?xml version="1.0" encoding="UTF-8"?>
<!-- Generated by org.testng.reporters.JUnitReportReporter -->
<testsuite hostname="INBOOK_X1_SLIM" failures="0" tests="1" name="PAGES.ConfigurationSalaryStructure" time="5.439" errors="0" timestamp="2025-07-29T12:38:02 IST" skipped="0">
  <testcase classname="PAGES.ConfigurationSalaryStructure" name="add_Salarystructure" time="5.439"/>
</testsuite> <!-- PAGES.ConfigurationSalaryStructure -->
