<?xml version="1.0" encoding="UTF-8"?>
<!-- Generated by org.testng.reporters.JUnitReportReporter -->
<testsuite hostname="webanix_USER" failures="0" tests="1" name="PAGES.ConfigurationSalaryStructure" time="6.148" errors="0" timestamp="2025-08-22T18:41:44 IST" skipped="0">
  <testcase classname="PAGES.ConfigurationSalaryStructure" name="add_Salarystructure" time="6.148"/>
</testsuite> <!-- PAGES.ConfigurationSalaryStructure -->
