<?xml version="1.0" encoding="UTF-8"?>
<!-- Generated by org.testng.reporters.JUnitReportReporter -->
<testsuite hostname="webanix_USER" failures="0" tests="1" name="PAGES.Config_Investment_Type" time="9.345" errors="0" timestamp="2025-09-26T16:28:14 IST" skipped="0">
  <testcase classname="PAGES.Config_Investment_Type" name="add_companies" time="9.345"/>
</testsuite> <!-- PAGES.Config_Investment_Type -->
