<?xml version="1.0" encoding="UTF-8"?>
<!-- Generated by org.testng.reporters.JUnitReportReporter -->
<testsuite hostname="webanix_USER" failures="0" tests="1" name="PAGES.Trainings_Add_Program_document" time="11.732" errors="0" timestamp="2025-09-29T15:28:33 IST" skipped="0">
  <testcase classname="PAGES.Trainings_Add_Program_document" name="add_program_document" time="11.732"/>
</testsuite> <!-- PAGES.Trainings_Add_Program_document -->
