<?xml version="1.0" encoding="UTF-8"?>
<!-- Generated by org.testng.reporters.JUnitReportReporter -->
<testsuite hostname="webanix_USER" failures="0" tests="1" name="PAGES.Delete_Program" time="5.546" errors="0" timestamp="2025-07-25T15:11:36 IST" skipped="0">
  <testcase classname="PAGES.Delete_Program" name="delete_Program" time="5.546"/>
</testsuite> <!-- PAGES.Delete_Program -->
