<?xml version="1.0" encoding="UTF-8"?>
<!-- Generated by org.testng.reporters.JUnitReportReporter -->
<testsuite hostname="webanix_USER" failures="0" tests="1" name="PAGES.configparams" time="4.482" errors="0" timestamp="2025-08-22T16:04:46 IST" skipped="0">
  <testcase classname="PAGES.configparams" name="add_configparams" time="4.482"/>
</testsuite> <!-- PAGES.configparams -->
