<?xml version="1.0" encoding="UTF-8"?>
<!-- Generated by org.testng.reporters.JUnitReportReporter -->
<testsuite hostname="webanix_USER" failures="0" tests="1" name="PAGES.configgroups" time="2.727" errors="0" timestamp="2025-08-22T15:56:12 IST" skipped="0">
  <testcase classname="PAGES.configgroups" name="add_configgroups" time="2.727"/>
</testsuite> <!-- PAGES.configgroups -->
