<?xml version="1.0" encoding="UTF-8"?>
<!-- Generated by org.testng.reporters.JUnitReportReporter -->
<testsuite hostname="INBOOK_X1_SLIM" failures="0" tests="1" name="PAGES.ConfigEmployeeType" time="8.559" errors="0" timestamp="2025-07-29T14:03:05 IST" skipped="0">
  <testcase classname="PAGES.ConfigEmployeeType" name="add_companies" time="8.559"/>
</testsuite> <!-- PAGES.ConfigEmployeeType -->
