<?xml version="1.0" encoding="UTF-8"?>
<!-- Generated by org.testng.reporters.JUnitReportReporter -->
<testsuite hostname="webanix_USER" failures="0" tests="1" name="PAGES.ConfigurationSalaryunit" time="4.716" errors="0" timestamp="2025-08-22T18:43:07 IST" skipped="0">
  <testcase classname="PAGES.ConfigurationSalaryunit" name="add_Salaryunit" time="4.716"/>
</testsuite> <!-- PAGES.ConfigurationSalaryunit -->
