<?xml version="1.0" encoding="UTF-8"?>
<!-- Generated by org.testng.reporters.JUnitReportReporter -->
<testsuite hostname="webanix_USER" failures="0" tests="1" name="PAGES.Config_Branch" time="7.324" errors="0" timestamp="2025-08-22T22:31:12 IST" skipped="0">
  <testcase classname="PAGES.Config_Branch" name="add_branches" time="7.324"/>
</testsuite> <!-- PAGES.Config_Branch -->
