<?xml version="1.0" encoding="UTF-8"?>
<!-- Generated by org.testng.reporters.JUnitReportReporter -->
<testsuite hostname="INBOOK_X1_SLIM" failures="0" tests="1" name="PAGES.ConfigurationShifts" time="7.211" errors="0" timestamp="2025-07-29T12:41:31 IST" skipped="0">
  <testcase classname="PAGES.ConfigurationShifts" name="add_Shifts" time="7.211"/>
</testsuite> <!-- PAGES.ConfigurationShifts -->
