<?xml version="1.0" encoding="UTF-8"?>
<!-- Generated by org.testng.reporters.JUnitReportReporter -->
<testsuite hostname="webanix_USER" failures="0" tests="1" name="PAGES.Add_Employee" time="30.459" errors="0" timestamp="2025-08-19T16:16:46 IST" skipped="0">
  <testcase classname="PAGES.Add_Employee" name="addemp" time="30.459"/>
</testsuite> <!-- PAGES.Add_Employee -->
