<?xml version="1.0" encoding="UTF-8"?>
<!-- Generated by org.testng.reporters.JUnitReportReporter -->
<testsuite hostname="webanix_USER" failures="0" tests="1" name="PAGES.Config_Employee_Type" time="7.428" errors="0" timestamp="2025-08-22T22:37:06 IST" skipped="0">
  <testcase classname="PAGES.Config_Employee_Type" name="add_companies" time="7.428"/>
</testsuite> <!-- PAGES.Config_Employee_Type -->
