<?xml version="1.0" encoding="UTF-8"?>
<!-- Generated by org.testng.reporters.JUnitReportReporter -->
<testsuite hostname="webanix_USER" failures="0" tests="1" name="PAGES.Config_Travel_Time" time="7.191" errors="0" timestamp="2025-08-22T18:47:39 IST" skipped="0">
  <testcase classname="PAGES.Config_Travel_Time" name="add_companies" time="7.191"/>
</testsuite> <!-- PAGES.Config_Travel_Time -->
