<?xml version="1.0" encoding="UTF-8"?>
<!-- Generated by org.testng.reporters.JUnitReportReporter -->
<testsuite hostname="webanix_USER" failures="0" tests="1" name="PAGES.ConfigInvestmentType" time="6.699" errors="0" timestamp="2025-08-22T15:59:56 IST" skipped="0">
  <testcase classname="PAGES.ConfigInvestmentType" name="add_companies" time="6.699"/>
</testsuite> <!-- PAGES.ConfigInvestmentType -->
