<?xml version="1.0" encoding="UTF-8"?>
<!-- Generated by org.testng.reporters.JUnitReportReporter -->
<testsuite hostname="webanix_USER" failures="0" tests="1" name="PAGES.Config_Params" time="7.216" errors="0" timestamp="2025-09-26T16:29:41 IST" skipped="0">
  <testcase classname="PAGES.Config_Params" name="add_configparams" time="7.216"/>
</testsuite> <!-- PAGES.Config_Params -->
