<?xml version="1.0" encoding="UTF-8"?>
<!-- Generated by org.testng.reporters.JUnitReportReporter -->
<testsuite hostname="INBOOK_X1_SLIM" failures="0" tests="1" name="PAGES.configgroups" time="6.286" errors="0" timestamp="2025-07-29T12:18:21 IST" skipped="0">
  <testcase classname="PAGES.configgroups" name="add_configgroups" time="6.286"/>
</testsuite> <!-- PAGES.configgroups -->
