<?xml version="1.0" encoding="UTF-8"?>
<!-- Generated by org.testng.reporters.JUnitReportReporter -->
<testsuite hostname="webanix_USER" failures="0" tests="1" name="PAGES.ConfigDesignations" time="9.985" errors="0" timestamp="2025-08-22T15:43:40 IST" skipped="0">
  <testcase classname="PAGES.ConfigDesignations" name="add_Designations" time="9.985"/>
</testsuite> <!-- PAGES.ConfigDesignations -->
