<?xml version="1.0" encoding="UTF-8"?>
<!-- Generated by org.testng.reporters.JUnitReportReporter -->
<testsuite hostname="webanix_USER" failures="0" tests="1" name="PAGES.Config_Grades" time="5.339" errors="0" timestamp="2025-08-22T22:37:59 IST" skipped="0">
  <testcase classname="PAGES.Config_Grades" name="add_Grades" time="5.339"/>
</testsuite> <!-- PAGES.Config_Grades -->
