<?xml version="1.0" encoding="UTF-8"?>
<!-- Generated by org.testng.reporters.JUnitReportReporter -->
<testsuite hostname="webanix_USER" failures="0" tests="1" name="PAGES.Attendance_add_leave" time="30.085" errors="0" timestamp="2025-09-29T12:57:04 IST" skipped="0">
  <testcase classname="PAGES.Attendance_add_leave" name="add_Leave" time="30.085"/>
</testsuite> <!-- PAGES.Attendance_add_leave -->
