<?xml version="1.0" encoding="UTF-8"?>
<!-- Generated by org.testng.reporters.JUnitReportReporter -->
<testsuite hostname="webanix_USER" failures="0" tests="1" name="PAGES.Trainings_Add_Program" time="7.725" errors="0" timestamp="2025-09-29T15:29:41 IST" skipped="0">
  <testcase classname="PAGES.Trainings_Add_Program" name="add_program" time="7.725"/>
</testsuite> <!-- PAGES.Trainings_Add_Program -->
