<?xml version="1.0" encoding="UTF-8"?>
<!-- Generated by org.testng.reporters.JUnitReportReporter -->
<testsuite hostname="webanix_USER" failures="0" tests="1" name="PAGES.Employee_Master_Update_shift" time="41.878" errors="0" timestamp="2025-09-29T13:03:26 IST" skipped="0">
  <testcase classname="PAGES.Employee_Master_Update_shift" name="updateShift" time="41.878"/>
</testsuite> <!-- PAGES.Employee_Master_Update_shift -->
