<?xml version="1.0" encoding="UTF-8"?>
<!-- Generated by org.testng.reporters.JUnitReportReporter -->
<testsuite hostname="webanix_USER" failures="0" tests="1" name="PAGES.Config_Companies" time="6.615" errors="0" timestamp="2025-08-22T22:33:12 IST" skipped="0">
  <testcase classname="PAGES.Config_Companies" name="add_companies" time="6.615"/>
</testsuite> <!-- PAGES.Config_Companies -->
