<?xml version="1.0" encoding="UTF-8"?>
<!-- Generated by org.testng.reporters.JUnitReportReporter -->
<testsuite hostname="webanix_USER" failures="0" tests="1" name="PAGES.Delete_Program" time="2.718" errors="0" timestamp="2025-08-22T15:35:37 IST" skipped="0">
  <testcase classname="PAGES.Delete_Program" name="delete_Program" time="2.718"/>
</testsuite> <!-- PAGES.Delete_Program -->
