<?xml version="1.0" encoding="UTF-8"?>
<!-- Generated by org.testng.reporters.JUnitReportReporter -->
<testsuite hostname="INBOOK_X1_SLIM" failures="0" tests="1" name="PAGES.ConfigDesignations" time="6.416" errors="0" timestamp="2025-07-29T12:27:12 IST" skipped="0">
  <testcase classname="PAGES.ConfigDesignations" name="add_Designations" time="6.416"/>
</testsuite> <!-- PAGES.ConfigDesignations -->
