<?xml version="1.0" encoding="UTF-8"?>
<!-- Generated by org.testng.reporters.JUnitReportReporter -->
<<<<<<< HEAD
<testsuite hostname="webanix_USER" failures="0" tests="1" name="PAGES.Add_Program" time="10.977" errors="0" timestamp="2025-07-25T18:26:24 IST" skipped="0">
  <testcase classname="PAGES.Add_Program" name="add_program" time="10.977"/>
=======
<testsuite hostname="INBOOK_X1_SLIM" failures="0" tests="1" name="PAGES.Add_Program" time="9.161" errors="0" timestamp="2025-07-29T12:06:48 IST" skipped="0">
  <testcase classname="PAGES.Add_Program" name="add_program" time="9.161"/>
>>>>>>> 9422285 (Commit by Priyank)
</testsuite> <!-- PAGES.Add_Program -->
