<?xml version="1.0" encoding="UTF-8"?>
<!-- Generated by org.testng.reporters.JUnitReportReporter -->
<testsuite hostname="webanix_USER" failures="0" tests="1" name="PAGES.ConfigTravelTimeChart" time="9.039" errors="0" timestamp="2025-08-22T17:27:34 IST" skipped="0">
  <testcase classname="PAGES.ConfigTravelTimeChart" name="add_companies" time="9.039"/>
</testsuite> <!-- PAGES.ConfigTravelTimeChart -->
