<?xml version="1.0" encoding="UTF-8"?>
<!-- Generated by org.testng.reporters.JUnitReportReporter -->
<testsuite hostname="webanix_USER" failures="0" tests="1" name="PAGES.ConfigurrationHolidays" time="7.576" errors="0" timestamp="2025-08-22T18:57:09 IST" skipped="0">
  <testcase classname="PAGES.ConfigurrationHolidays" name="add_Holidays" time="7.576"/>
</testsuite> <!-- PAGES.ConfigurrationHolidays -->
