<?xml version="1.0" encoding="UTF-8"?>
<!-- Generated by org.testng.reporters.JUnitReportReporter -->
<testsuite hostname="webanix_USER" failures="0" tests="1" name="UTILS.Base_Class" time="8.523" errors="0" timestamp="2025-07-15T09:57:21 IST" skipped="0">
  <testcase classname="UTILS.Base_Class" name="UserLogin" time="8.523"/>
</testsuite> <!-- UTILS.Base_Class -->
