<?xml version="1.0" encoding="UTF-8"?>
<!-- Generated by org.testng.reporters.JUnitReportReporter -->
<testsuite hostname="webanix_USER" failures="0" tests="1" name="PAGES.Config_Shifts" time="7.996" errors="0" timestamp="2025-09-26T16:35:36 IST" skipped="0">
  <testcase classname="PAGES.Config_Shifts" name="add_Shifts" time="7.996"/>
</testsuite> <!-- PAGES.Config_Shifts -->
