<?xml version="1.0" encoding="UTF-8"?>
<!-- Generated by org.testng.reporters.JUnitReportReporter -->
<testsuite hostname="webanix_USER" failures="0" tests="1" name="PAGES.Config_Departments" time="5.696" errors="0" timestamp="2025-08-22T22:35:23 IST" skipped="0">
  <testcase classname="PAGES.Config_Departments" name="add_Departments" time="5.696"/>
</testsuite> <!-- PAGES.Config_Departments -->
