<?xml version="1.0" encoding="UTF-8"?>
<!-- Generated by org.testng.reporters.JUnitReportReporter -->
<testsuite hostname="INBOOK_X1_SLIM" failures="0" tests="1" name="PAGES.ConfigurationDepartments" time="13.548" errors="0" timestamp="2025-07-29T12:29:28 IST" skipped="0">
  <testcase classname="PAGES.ConfigurationDepartments" name="add_Departments" time="13.548"/>
</testsuite> <!-- PAGES.ConfigurationDepartments -->
