<?xml version="1.0" encoding="UTF-8"?>
<!-- Generated by org.testng.reporters.JUnitReportReporter -->
<testsuite hostname="webanix_USER" failures="0" tests="1" name="PAGES.ConfigurationBranches" time="5.423" errors="0" timestamp="2025-08-22T17:30:10 IST" skipped="0">
  <testcase classname="PAGES.ConfigurationBranches" name="add_branches" time="5.423"/>
</testsuite> <!-- PAGES.ConfigurationBranches -->
