<?xml version="1.0" encoding="UTF-8"?>
<!-- Generated by org.testng.reporters.JUnitReportReporter -->
<testsuite hostname="INBOOK_X1_SLIM" failures="0" tests="1" name="PAGES.ConfigurrationHolidays" time="6.616" errors="0" timestamp="2025-07-29T12:39:47 IST" skipped="0">
  <testcase classname="PAGES.ConfigurrationHolidays" name="add_Holidays" time="6.616"/>
</testsuite> <!-- PAGES.ConfigurrationHolidays -->
