<?xml version="1.0" encoding="UTF-8"?>
<!-- Generated by org.testng.reporters.JUnitReportReporter -->
<testsuite hostname="webanix_USER" failures="0" tests="1" name="PAGES.ConfigurationDepartments" time="4.181" errors="0" timestamp="2025-08-22T17:38:42 IST" skipped="0">
  <testcase classname="PAGES.ConfigurationDepartments" name="add_Departments" time="4.181"/>
</testsuite> <!-- PAGES.ConfigurationDepartments -->
