<?xml version="1.0" encoding="UTF-8"?>
<!-- Generated by org.testng.reporters.JUnitReportReporter -->
<testsuite hostname="webanix_USER" failures="0" tests="1" name="PAGES.ConfigurationGrades" time="4.955" errors="0" timestamp="2025-08-22T17:39:52 IST" skipped="0">
  <testcase classname="PAGES.ConfigurationGrades" name="add_Grades" time="4.955"/>
</testsuite> <!-- PAGES.ConfigurationGrades -->
