<?xml version="1.0" encoding="UTF-8"?>
<!-- Generated by org.testng.reporters.JUnitReportReporter -->
<testsuite hostname="INBOOK_X1_SLIM" failures="0" tests="1" name="PAGES.ConfigInvestmentType" time="6.651" errors="0" timestamp="2025-07-29T14:31:00 IST" skipped="0">
  <testcase classname="PAGES.ConfigInvestmentType" name="add_companies" time="6.651"/>
</testsuite> <!-- PAGES.ConfigInvestmentType -->
