<?xml version="1.0" encoding="UTF-8"?>
<!-- Generated by org.testng.reporters.JUnitReportReporter -->
<testsuite hostname="webanix_USER" failures="0" tests="1" name="PAGES.Config_Groups" time="5.787" errors="0" timestamp="2025-09-26T16:24:04 IST" skipped="0">
  <testcase classname="PAGES.Config_Groups" name="add_configgroups" time="5.787"/>
</testsuite> <!-- PAGES.Config_Groups -->
