<?xml version="1.0" encoding="UTF-8"?>
<!-- Generated by org.testng.reporters.JUnitReportReporter -->
<testsuite hostname="INBOOK_X1_SLIM" failures="0" tests="1" name="PAGES.configparams" time="7.093" errors="0" timestamp="2025-07-29T12:22:26 IST" skipped="0">
  <testcase classname="PAGES.configparams" name="add_configparams" time="7.093"/>
</testsuite> <!-- PAGES.configparams -->
