<?xml version="1.0" encoding="UTF-8"?>
<!-- Generated by org.testng.reporters.JUnitReportReporter -->
<testsuite hostname="webanix_USER" failures="0" tests="1" name="PAGES.Config_Salary_Unit" time="6.995" errors="0" timestamp="2025-09-26T16:31:52 IST" skipped="0">
  <testcase classname="PAGES.Config_Salary_Unit" name="add_Salaryunit" time="6.995"/>
</testsuite> <!-- PAGES.Config_Salary_Unit -->
