<?xml version="1.0" encoding="UTF-8"?>
<!-- Generated by org.testng.reporters.JUnitReportReporter -->
<testsuite hostname="INBOOK_X1_SLIM" failures="0" tests="1" name="PAGES.ConfigurationSalaryunit" time="5.287" errors="0" timestamp="2025-07-29T12:36:44 IST" skipped="0">
  <testcase classname="PAGES.ConfigurationSalaryunit" name="add_Salaryunit" time="5.287"/>
</testsuite> <!-- PAGES.ConfigurationSalaryunit -->
