<?xml version="1.0" encoding="UTF-8"?>
<!-- Generated by org.testng.reporters.JUnitReportReporter -->
<testsuite hostname="webanix_USER" failures="0" tests="1" name="PAGES.configcontractors" time="4.780" errors="0" timestamp="2025-08-22T15:39:22 IST" skipped="0">
  <testcase classname="PAGES.configcontractors" name="add_companies" time="4.780"/>
</testsuite> <!-- PAGES.configcontractors -->
