<?xml version="1.0" encoding="UTF-8"?>
<!-- Generated by org.testng.reporters.JUnitReportReporter -->
<testsuite hostname="INBOOK_X1_SLIM" failures="0" tests="1" name="PAGES.ConfigurationGrades" time="5.609" errors="0" timestamp="2025-07-29T12:30:49 IST" skipped="0">
  <testcase classname="PAGES.ConfigurationGrades" name="add_Grades" time="5.609"/>
</testsuite> <!-- PAGES.ConfigurationGrades -->
