<?xml version="1.0" encoding="UTF-8"?>
<!-- Generated by org.testng.reporters.JUnitReportReporter -->
<testsuite hostname="INBOOK_X1_SLIM" failures="0" tests="1" name="PAGES.Configurationcompanies" time="6.410" errors="0" timestamp="2025-07-29T12:49:14 IST" skipped="0">
  <testcase classname="PAGES.Configurationcompanies" name="add_companies" time="6.410"/>
</testsuite> <!-- PAGES.Configurationcompanies -->
