<?xml version="1.0" encoding="UTF-8"?>
<!-- Generated by org.testng.reporters.JUnitReportReporter -->
<testsuite hostname="webanix_USER" failures="0" tests="1" name="PAGES.Employee_Master_Add_Employee" time="32.708" errors="0" timestamp="2025-08-26T15:47:52 IST" skipped="0">
  <testcase classname="PAGES.Employee_Master_Add_Employee" name="addemp" time="32.708"/>
</testsuite> <!-- PAGES.Employee_Master_Add_Employee -->
