<?xml version="1.0" encoding="UTF-8"?>
<!-- Generated by org.testng.reporters.JUnitReportReporter -->
<testsuite hostname="INBOOK_X1_SLIM" failures="0" tests="1" name="PAGES.configcontractors" time="5.670" errors="0" timestamp="2025-07-29T13:01:43 IST" skipped="0">
  <testcase classname="PAGES.configcontractors" name="add_companies" time="5.670"/>
</testsuite> <!-- PAGES.configcontractors -->
